<?xml version="1.0" encoding="UTF-8"?>
<Site BuildName="(empty)"
	BuildStamp="20250126-2021-Experimental"
	Name="Jarvis"
	Generator="ctest-3.22.1"
	CompilerName="/usr/bin/g++"
	CompilerVersion="11.4.0"
	OSName="Linux"
	Hostname="Jarvis"
	OSRelease="6.8.0-51-generic"
	OSVersion="#52~22.04.1-Ubuntu SMP PREEMPT_DYNAMIC Mon Dec  9 15:00:52 UTC 2"
	OSPlatform="x86_64"
	Is64Bits="1"
	VendorString="AuthenticAMD"
	VendorID="Advanced Micro Devices"
	FamilyID="25"
	ModelID="117"
	ProcessorCacheSize="1024"
	NumberOfLogicalCPU="16"
	NumberOfPhysicalCPU="8"
	TotalVirtualMemory="2047"
	TotalPhysicalMemory="15237"
	LogicalProcessorsPerPhysical="2"
	ProcessorClockFrequency="4766.29"
	>
	<Testing>
		<StartDateTime>Jan 26 14:23 CST</StartDateTime>
		<StartTestTime>1737923009</StartTestTime>
		<TestList/>
		<EndDateTime>Jan 26 14:23 CST</EndDateTime>
		<EndTestTime>1737923009</EndTestTime>
		<ElapsedMinutes>0</ElapsedMinutes>
	</Testing>
</Site>
