<?xml version="1.0" encoding="UTF-8"?>
<Site BuildName="(empty)"
	BuildStamp="20250308-2055-Experimental"
	Name="Jarvis"
	Generator="ctest-3.28.3"
	CompilerName="/usr/bin/g++"
	CompilerVersion="13.3.0"
	OSName="Linux"
	Hostname="Jarvis"
	OSRelease="6.8.0-55-generic"
	OSVersion="#57-Ubuntu SMP PREEMPT_DYNAMIC Wed Feb 12 23:42:21 UTC 2025"
	OSPlatform="x86_64"
	Is64Bits="1"
	VendorString="AuthenticAMD"
	VendorID="Advanced Micro Devices"
	FamilyID="25"
	ModelID="117"
	ProcessorCacheSize="1024"
	NumberOfLogicalCPU="16"
	NumberOfPhysicalCPU="8"
	TotalVirtualMemory="2047"
	TotalPhysicalMemory="15237"
	LogicalProcessorsPerPhysical="2"
	ProcessorClockFrequency="4536.95"
	>
	<Testing>
		<StartDateTime>Mar 08 14:55 CST</StartDateTime>
		<StartTestTime>1741467301</StartTestTime>
		<TestList/>
		<EndDateTime>Mar 08 14:55 CST</EndDateTime>
		<EndTestTime>1741467301</EndTestTime>
		<ElapsedMinutes>0</ElapsedMinutes>
	</Testing>
</Site>
